0 silly argv {
0 silly argv   _: [ 'create' ],
0 silly argv   lernaVersion: '5.1.4',
0 silly argv   '$0': '/usr/local/bin/lerna',
0 silly argv   name: '@rest-cli/format-path'
0 silly argv }
1 notice cli v5.1.4
2 verbose rootPath /Users/wanshengqiang/Documents/work/ws/rest-cli
3 error Error: canceled
3 error     at Interface.<anonymous> (/Users/wanshengqiang/.config/yarn/global/node_modules/read/lib/read.js:66:13)
3 error     at Interface.emit (node:events:390:28)
3 error     at Interface._ttyWrite (node:readline:1081:16)
3 error     at ReadStream.onkeypress (node:readline:288:10)
3 error     at ReadStream.emit (node:events:390:28)
3 error     at emitKeys (node:internal/readline/utils:358:14)
3 error     at emitKeys.next (<anonymous>)
3 error     at ReadStream.onData (node:internal/readline/emitKeypressEvents:61:36)
3 error     at ReadStream.emit (node:events:390:28)
3 error     at addChunk (node:internal/streams/readable:315:12)
3 error     at readableAddChunk (node:internal/streams/readable:289:9)
3 error     at ReadStream.Readable.push (node:internal/streams/readable:228:10)
